0 info it worked if it ends with ok
1 verbose cli [ 'node',
1 verbose cli   '/usr/local/bin/npm',
1 verbose cli   'install',
1 verbose cli   'child_process',
1 verbose cli   '--save' ]
2 info using npm@2.11.3
3 info using node@v0.12.7
4 verbose install initial load of /Users/ArmanAydemir/Desktop/TCSC/package.json
5 warn package.json Triangle-Computer-Science-Competition@0.0.2 No repository field.
6 warn package.json Triangle-Computer-Science-Competition@0.0.2 No license field.
7 verbose installManyTop reading scoped package data from /Users/ArmanAydemir/Desktop/TCSC/node_modules/client-sessions/package.json
8 verbose installManyTop reading scoped package data from /Users/ArmanAydemir/Desktop/TCSC/node_modules/connect/package.json
9 verbose installManyTop reading scoped package data from /Users/ArmanAydemir/Desktop/TCSC/node_modules/connect-mongo/package.json
10 verbose installManyTop reading scoped package data from /Users/ArmanAydemir/Desktop/TCSC/node_modules/cookie/package.json
11 verbose installManyTop reading scoped package data from /Users/ArmanAydemir/Desktop/TCSC/node_modules/crypto/package.json
12 verbose installManyTop reading scoped package data from /Users/ArmanAydemir/Desktop/TCSC/node_modules/express/package.json
13 verbose installManyTop reading scoped package data from /Users/ArmanAydemir/Desktop/TCSC/node_modules/fs/package.json
14 verbose installManyTop reading scoped package data from /Users/ArmanAydemir/Desktop/TCSC/node_modules/jade/package.json
15 verbose installManyTop reading scoped package data from /Users/ArmanAydemir/Desktop/TCSC/node_modules/jshelpers/package.json
16 verbose installManyTop reading scoped package data from /Users/ArmanAydemir/Desktop/TCSC/node_modules/redis/package.json
17 verbose installManyTop reading scoped package data from /Users/ArmanAydemir/Desktop/TCSC/node_modules/redis-search/package.json
18 verbose installManyTop reading scoped package data from /Users/ArmanAydemir/Desktop/TCSC/node_modules/socket.io/package.json
19 verbose installManyTop reading scoped package data from /Users/ArmanAydemir/Desktop/TCSC/node_modules/socketio-file-upload/package.json
20 verbose installManyTop reading scoped package data from /Users/ArmanAydemir/Desktop/TCSC/node_modules/util/package.json
21 info package.json client-sessions@0.7.0 No license field.
22 info package.json fs@0.0.2 fs is also the name of a node core module.
23 info package.json fs@0.0.2 No description
24 info package.json fs@0.0.2 No repository field.
25 info package.json fs@0.0.2 No README data
26 info package.json redis@0.12.1 No license field.
27 info package.json socket.io@1.3.6 No license field.
28 info package.json connect-mongo@0.8.2 No license field.
29 info package.json crypto@0.0.3 crypto is also the name of a node core module.
30 info package.json crypto@0.0.3 No license field.
31 info package.json jshelpers@1.0.7 'repositories' (plural) Not supported. Please pick one as the 'repository' field
32 info package.json jshelpers@1.0.7 No license field.
33 info package.json util@0.10.3 util is also the name of a node core module.
34 verbose readDependencies loading dependencies from /Users/ArmanAydemir/Desktop/TCSC/package.json
35 silly cache add args [ 'child_process', null ]
36 verbose cache add spec child_process
37 silly cache add parsed spec { raw: 'child_process',
37 silly cache add   scope: null,
37 silly cache add   name: 'child_process',
37 silly cache add   rawSpec: '',
37 silly cache add   spec: '*',
37 silly cache add   type: 'range' }
38 silly addNamed child_process@*
39 verbose addNamed "*" is a valid semver range for child_process
40 silly addNameRange { name: 'child_process', range: '*', hasData: false }
41 silly mapToRegistry name child_process
42 silly mapToRegistry using default registry
43 silly mapToRegistry registry https://registry.npmjs.org/
44 silly mapToRegistry uri https://registry.npmjs.org/child_process
45 verbose addNameRange registry:https://registry.npmjs.org/child_process not in flight; fetching
46 verbose request uri https://registry.npmjs.org/child_process
47 verbose request no auth needed
48 info attempt registry request try #1 at 1:26:12 PM
49 verbose request id ebb0217459e225db
50 http request GET https://registry.npmjs.org/child_process
51 http 404 https://registry.npmjs.org/child_process
52 verbose headers { 'content-type': 'application/json',
52 verbose headers   'cache-control': 'max-age=0',
52 verbose headers   'content-length': '2',
52 verbose headers   'accept-ranges': 'bytes',
52 verbose headers   date: 'Thu, 08 Oct 2015 17:26:11 GMT',
52 verbose headers   via: '1.1 varnish',
52 verbose headers   age: '0',
52 verbose headers   connection: 'keep-alive',
52 verbose headers   'x-served-by': 'cache-dfw1834-DFW',
52 verbose headers   'x-cache': 'MISS',
52 verbose headers   'x-cache-hits': '0',
52 verbose headers   'x-timer': 'S1444325171.641144,VS0,VE48' }
53 silly get cb [ 404,
53 silly get   { 'content-type': 'application/json',
53 silly get     'cache-control': 'max-age=0',
53 silly get     'content-length': '2',
53 silly get     'accept-ranges': 'bytes',
53 silly get     date: 'Thu, 08 Oct 2015 17:26:11 GMT',
53 silly get     via: '1.1 varnish',
53 silly get     age: '0',
53 silly get     connection: 'keep-alive',
53 silly get     'x-served-by': 'cache-dfw1834-DFW',
53 silly get     'x-cache': 'MISS',
53 silly get     'x-cache-hits': '0',
53 silly get     'x-timer': 'S1444325171.641144,VS0,VE48' } ]
54 verbose stack Error: Registry returned 404 for GET on https://registry.npmjs.org/child_process
54 verbose stack     at CachingRegistryClient.<anonymous> (/usr/local/lib/node_modules/npm/node_modules/npm-registry-client/lib/request.js:239:14)
54 verbose stack     at Request._callback (/usr/local/lib/node_modules/npm/node_modules/npm-registry-client/lib/request.js:170:14)
54 verbose stack     at Request.self.callback (/usr/local/lib/node_modules/npm/node_modules/request/request.js:354:22)
54 verbose stack     at Request.emit (events.js:110:17)
54 verbose stack     at Request.<anonymous> (/usr/local/lib/node_modules/npm/node_modules/request/request.js:1207:14)
54 verbose stack     at Request.emit (events.js:129:20)
54 verbose stack     at IncomingMessage.<anonymous> (/usr/local/lib/node_modules/npm/node_modules/request/request.js:1153:12)
54 verbose stack     at IncomingMessage.emit (events.js:129:20)
54 verbose stack     at _stream_readable.js:908:16
54 verbose stack     at process._tickCallback (node.js:355:11)
55 verbose statusCode 404
56 verbose pkgid child_process
57 verbose cwd /Users/ArmanAydemir/Desktop/TCSC
58 error Darwin 14.4.0
59 error argv "node" "/usr/local/bin/npm" "install" "child_process" "--save"
60 error node v0.12.7
61 error npm  v2.11.3
62 error code E404
63 error 404 Registry returned 404 for GET on https://registry.npmjs.org/child_process
63 error 404
63 error 404 'child_process' is not in the npm registry.
63 error 404 Your package name is not valid, because
63 error 404
63 error 404  1. child_process is a core module name
63 error 404 It was specified as a dependency of 'Triangle-Computer-Science-Competition'
63 error 404
63 error 404 Note that you can also install from a
63 error 404 tarball, folder, http url, or git url.
64 verbose exit [ 1, true ]
